2025-03-19 12:14:26.978 [info] Reading sessions from keychain...
2025-03-19 12:14:26.978 [info] Getting sessions for all scopes...
2025-03-19 12:14:26.978 [info] Getting sessions for all scopes...
2025-03-19 12:14:26.978 [info] Getting sessions for all scopes...
2025-03-19 12:14:26.978 [info] Got stored sessions!
2025-03-19 12:14:26.978 [info] Got 1 verified sessions.
2025-03-19 12:14:26.978 [info] Got 1 sessions for ...
2025-03-19 12:14:26.978 [info] Got 1 sessions for ...
2025-03-19 12:14:26.978 [info] Got 1 sessions for ...
2025-03-19 12:14:26.978 [info] Getting sessions for read:user,repo,user:email,workflow...
2025-03-19 12:14:26.978 [info] Got 1 sessions for read:user,repo,user:email,workflow...
2025-03-19 12:14:27.356 [info] Getting sessions for read:user,repo,user:email,workflow...
2025-03-19 12:14:27.356 [info] Got 1 sessions for read:user,repo,user:email,workflow...
2025-03-19 12:14:46.319 [info] Reading sessions from keychain...
2025-03-19 12:14:46.319 [info] Got stored sessions!
2025-03-19 12:14:46.319 [info] Got 1 verified sessions.
2025-03-19 12:14:46.319 [info] Getting sessions for all scopes...
2025-03-19 12:14:46.319 [info] Got 1 sessions for ...
2025-03-19 12:14:46.319 [info] Getting sessions for all scopes...
2025-03-19 12:14:46.319 [info] Got 1 sessions for ...
2025-03-19 12:14:46.319 [info] Getting sessions for all scopes...
2025-03-19 12:14:46.319 [info] Got 1 sessions for ...
2025-03-19 12:14:47.985 [info] Getting sessions for read:user,repo,user:email,workflow...
2025-03-19 12:14:47.985 [info] Got 1 sessions for read:user,repo,user:email,workflow...
2025-03-19 12:14:48.479 [info] Getting sessions for read:user,repo,user:email,workflow...
2025-03-19 12:14:48.479 [info] Got 1 sessions for read:user,repo,user:email,workflow...
