2025-03-19 18:06:56.669 [info] [main] Log level: Info
2025-03-19 18:06:56.669 [info] [main] Validating found git in: "git"
2025-03-19 18:06:56.669 [info] [main] Using git "2.49.0" from "git"
2025-03-19 18:06:56.669 [info] [Model][doInitialScan] Initial repository scan started
2025-03-19 18:06:56.669 [info] > git rev-parse --show-toplevel [15ms]
2025-03-19 18:06:56.669 [info] > git rev-parse --git-dir --git-common-dir [133ms]
2025-03-19 18:06:56.669 [info] [Model][openRepository] Opened repository: /home/felipe/Documents/Github/better-control
2025-03-19 18:06:56.718 [info] > git rev-parse --show-toplevel [36ms]
2025-03-19 18:06:56.719 [info] > git config --get commit.template [43ms]
2025-03-19 18:06:56.832 [info] > git rev-parse --show-toplevel [36ms]
2025-03-19 18:06:56.835 [info] [Model][doInitialScan] Initial repository scan completed - repositories (1), closed repositories (0), parent repositories (0), unsafe repositories (0)
2025-03-19 18:06:56.838 [info] > git for-each-ref --format=%(refname)%00%(upstream:short)%00%(objectname)%00%(upstream:track)%00%(upstream:remotename)%00%(upstream:remoteref) refs/heads/main refs/remotes/main [13ms]
2025-03-19 18:06:56.899 [info] > git status -z -uall [9ms]
2025-03-19 18:06:56.942 [info] > git for-each-ref --sort -committerdate --format %(refname) %(objectname) %(*objectname) [45ms]
2025-03-19 18:06:56.975 [info] > git for-each-ref --format=%(refname)%00%(upstream:short)%00%(objectname)%00%(upstream:track)%00%(upstream:remotename)%00%(upstream:remoteref) refs/heads/main refs/remotes/main [21ms]
2025-03-19 18:06:56.994 [info] > git config --local branch.main.vscode-merge-base [12ms]
2025-03-19 18:06:57.003 [info] > git config --get commit.template [33ms]
2025-03-19 18:06:57.004 [info] > git for-each-ref --format=%(refname)%00%(upstream:short)%00%(objectname)%00%(upstream:track)%00%(upstream:remotename)%00%(upstream:remoteref) refs/heads/origin/main refs/remotes/origin/main [2ms]
2025-03-19 18:06:57.076 [info] > git merge-base refs/heads/main refs/remotes/origin/main [63ms]
2025-03-19 18:06:57.113 [info] > git diff --name-status -z --diff-filter=ADMR 929a1d062a0daca77e89d1ecad260c678a681569...refs/remotes/origin/main [29ms]
2025-03-19 18:06:57.114 [info] > git for-each-ref --format=%(refname)%00%(upstream:short)%00%(objectname)%00%(upstream:track)%00%(upstream:remotename)%00%(upstream:remoteref) refs/heads/main refs/remotes/main [40ms]
2025-03-19 18:06:57.157 [info] > git status -z -uall [16ms]
2025-03-19 18:06:57.157 [info] > git for-each-ref --sort -committerdate --format %(refname) %(objectname) %(*objectname) [6ms]
2025-03-19 18:06:57.193 [info] > git fetch [653ms]
2025-03-19 18:06:57.193 [info] From https://github.com/quantumvoid0/better-control
   929a1d0..f4e5c2f  main       -> origin/main
2025-03-19 18:06:57.206 [info] > git config --get commit.template [4ms]
2025-03-19 18:06:57.233 [info] > git check-ignore -v -z --stdin [2ms]
2025-03-19 18:06:57.234 [info] > git for-each-ref --format=%(refname)%00%(upstream:short)%00%(objectname)%00%(upstream:track)%00%(upstream:remotename)%00%(upstream:remoteref) refs/heads/main refs/remotes/main [22ms]
2025-03-19 18:06:57.275 [info] > git status -z -uall [13ms]
2025-03-19 18:06:57.276 [info] > git for-each-ref --sort -committerdate --format %(refname) %(objectname) %(*objectname) [3ms]
2025-03-19 18:06:57.335 [info] > git merge-base refs/heads/main refs/remotes/origin/main [30ms]
2025-03-19 18:06:57.351 [info] > git diff --name-status -z --diff-filter=ADMR 929a1d062a0daca77e89d1ecad260c678a681569...refs/remotes/origin/main [6ms]
2025-03-19 18:06:57.578 [info] > git show --textconv :src/control.py [8ms]
2025-03-19 18:06:57.581 [info] > git ls-files --stage -- /home/felipe/Documents/Github/better-control/src/control.py [3ms]
2025-03-19 18:06:57.601 [info] > git cat-file -s 405f0a1e793d1a49f0092b575d6a0f65213415af [13ms]
2025-03-19 18:06:58.334 [info] > git config --get commit.template [14ms]
2025-03-19 18:06:58.352 [info] > git for-each-ref --format=%(refname)%00%(upstream:short)%00%(objectname)%00%(upstream:track)%00%(upstream:remotename)%00%(upstream:remoteref) refs/heads/main refs/remotes/main [10ms]
2025-03-19 18:06:58.391 [info] > git status -z -uall [13ms]
2025-03-19 18:06:58.392 [info] > git for-each-ref --sort -committerdate --format %(refname) %(objectname) %(*objectname) [2ms]
2025-03-19 18:06:58.435 [info] > git ls-files --stage -- /home/felipe/Documents/Github/better-control/src/control.py [1ms]
2025-03-19 18:06:58.451 [info] > git cat-file -s 405f0a1e793d1a49f0092b575d6a0f65213415af [7ms]
2025-03-19 18:06:58.485 [info] > git show --textconv :src/control.py [2ms]
