2025-03-19 12:15:26.118 [info] [main] Log level: Info
2025-03-19 12:15:26.118 [info] [main] Validating found git in: "git"
2025-03-19 12:15:26.118 [info] [main] Using git "2.49.0" from "git"
2025-03-19 12:15:26.118 [info] [Model][doInitialScan] Initial repository scan started
2025-03-19 12:15:26.118 [info] > git rev-parse --show-toplevel [73ms]
2025-03-19 12:15:26.118 [info] > git rev-parse --git-dir --git-common-dir [133ms]
2025-03-19 12:15:26.118 [info] [Model][openRepository] Opened repository: /home/felipe/Documents/Github/better-control
2025-03-19 12:15:26.120 [info] > git rev-parse --show-toplevel [34ms]
2025-03-19 12:15:26.121 [info] > git config --get commit.template [45ms]
2025-03-19 12:15:26.217 [info] > git rev-parse --show-toplevel [39ms]
2025-03-19 12:15:26.220 [info] [Model][doInitialScan] Initial repository scan completed - repositories (1), closed repositories (0), parent repositories (0), unsafe repositories (0)
2025-03-19 12:15:26.249 [info] > git for-each-ref --format=%(refname)%00%(upstream:short)%00%(objectname)%00%(upstream:track)%00%(upstream:remotename)%00%(upstream:remoteref) refs/heads/main refs/remotes/main [34ms]
2025-03-19 12:15:26.354 [info] > git status -z -uall [12ms]
2025-03-19 12:15:26.354 [info] > git for-each-ref --sort -committerdate --format %(refname) %(objectname) %(*objectname) [3ms]
2025-03-19 12:15:26.388 [info] > git for-each-ref --format=%(refname)%00%(upstream:short)%00%(objectname)%00%(upstream:track)%00%(upstream:remotename)%00%(upstream:remoteref) refs/heads/main refs/remotes/main [14ms]
2025-03-19 12:15:26.411 [info] > git config --get commit.template [24ms]
2025-03-19 12:15:26.450 [info] > git show --textconv :src/control.py [16ms]
2025-03-19 12:15:26.453 [info] > git ls-files --stage -- /home/felipe/Documents/Github/better-control/src/control.py [9ms]
2025-03-19 12:15:26.465 [info] > git config --local branch.main.vscode-merge-base [55ms]
2025-03-19 12:15:26.498 [info] > git cat-file -s 405f0a1e793d1a49f0092b575d6a0f65213415af [36ms]
2025-03-19 12:15:26.500 [info] > git for-each-ref --format=%(refname)%00%(upstream:short)%00%(objectname)%00%(upstream:track)%00%(upstream:remotename)%00%(upstream:remoteref) refs/heads/main refs/remotes/main [6ms]
2025-03-19 12:15:26.500 [info] > git fetch [520ms]
2025-03-19 12:15:26.500 [info] > git for-each-ref --format=%(refname)%00%(upstream:short)%00%(objectname)%00%(upstream:track)%00%(upstream:remotename)%00%(upstream:remoteref) refs/heads/origin/main refs/remotes/origin/main [23ms]
2025-03-19 12:15:26.536 [info] > git merge-base refs/heads/main refs/remotes/origin/main [26ms]
2025-03-19 12:15:26.632 [info] > git diff --name-status -z --diff-filter=ADMR 929a1d062a0daca77e89d1ecad260c678a681569...refs/remotes/origin/main [87ms]
2025-03-19 12:15:26.633 [info] > git config --get commit.template [98ms]
2025-03-19 12:15:26.695 [info] > git check-ignore -v -z --stdin [51ms]
2025-03-19 12:15:26.715 [info] > git for-each-ref --format=%(refname)%00%(upstream:short)%00%(objectname)%00%(upstream:track)%00%(upstream:remotename)%00%(upstream:remoteref) refs/heads/main refs/remotes/main [5ms]
2025-03-19 12:15:26.743 [info] > git status -z -uall [16ms]
2025-03-19 12:15:26.753 [info] > git for-each-ref --sort -committerdate --format %(refname) %(objectname) %(*objectname) [13ms]
2025-03-19 12:15:27.766 [info] > git ls-files --stage -- /home/felipe/Documents/Github/better-control/src/control.py [2ms]
2025-03-19 12:15:27.778 [info] > git cat-file -s 405f0a1e793d1a49f0092b575d6a0f65213415af [2ms]
2025-03-19 12:15:27.792 [info] > git show --textconv :src/control.py [2ms]
