2025-03-19 12:14:22.461 [info] Added views:outline in workbench.view.explorer
2025-03-19 12:14:22.462 [info] Added views:workbench.view.search in workbench.view.search
2025-03-19 12:14:22.462 [info] Added views:workbench.scm in workbench.view.scm
2025-03-19 12:14:22.462 [info] Added views:workbench.panel.markers.view in workbench.panel.markers
2025-03-19 12:14:22.462 [info] Added views:workbench.panel.output in workbench.panel.output
2025-03-19 12:14:22.462 [info] Added views:terminal in terminal
2025-03-19 12:14:22.462 [info] Added views:timeline in workbench.view.explorer
2025-03-19 12:14:22.462 [info] Added views:workbench.explorer.fileView in workbench.view.explorer
2025-03-19 12:14:22.878 [info] Added views:workbench.debug.welcome in workbench.view.debug
2025-03-19 12:14:23.783 [info] Added views:windsurf.chatPanelView in workbench.view.extension.windsurf
2025-03-19 12:14:23.784 [info] Added views:windsurfDevContainers in workbench.view.remote
2025-03-19 12:14:23.784 [info] Added views:windsurfSSHHosts in workbench.view.remote
2025-03-19 12:14:24.271 [info] Added views:workbench.panel.repl.view in workbench.panel.repl
2025-03-19 12:14:25.249 [info] Added views:workbench.view.testing in workbench.view.extension.test
2025-03-19 12:14:25.611 [info] Added views:~remote.forwardedPorts in ~remote.forwardedPortsContainer
2025-03-19 12:14:25.657 [info] Added views:makefile.outline in workbench.view.extension.makefile__viewContainer
2025-03-19 12:14:26.235 [info] Added views:workbench.scm.history in workbench.view.scm
2025-03-19 12:14:42.027 [info] Added views:workbench.views.extensions.installed,workbench.views.extensions.popular,extensions.recommendedList in workbench.view.extensions
2025-03-19 12:14:42.031 [info] Removed views:workbench.views.extensions.popular from workbench.view.extensions
2025-03-19 12:14:44.624 [info] Removed views:workbench.scm.history from workbench.view.scm
2025-03-19 12:14:44.627 [info] Removed views:workbench.view.testing from workbench.view.extension.test
2025-03-19 12:14:45.119 [info] Removed views:workbench.panel.repl.view from workbench.panel.repl
2025-03-19 12:14:45.483 [info] Added views:workbench.panel.repl.view in workbench.panel.repl
2025-03-19 12:14:46.107 [info] Added views:workbench.view.testing in workbench.view.extension.test
2025-03-19 12:14:46.923 [info] Added views:workbench.scm.history in workbench.view.scm
2025-03-19 12:14:50.997 [info] Removed views:workbench.scm.history from workbench.view.scm
2025-03-19 12:14:50.999 [info] Removed views:workbench.view.testing from workbench.view.extension.test
