2025-03-19 12:16:40.339 [info] Reading sessions from keychain...
2025-03-19 12:16:40.339 [info] Getting sessions for all scopes...
2025-03-19 12:16:40.339 [info] Getting sessions for all scopes...
2025-03-19 12:16:40.339 [info] Got stored sessions!
2025-03-19 12:16:40.339 [info] Got 1 verified sessions.
2025-03-19 12:16:40.339 [info] Got 1 sessions for ...
2025-03-19 12:16:40.339 [info] Got 1 sessions for ...
2025-03-19 12:16:40.339 [info] Getting sessions for read:user,repo,user:email,workflow...
2025-03-19 12:16:40.339 [info] Got 1 sessions for read:user,repo,user:email,workflow...
2025-03-19 12:16:40.850 [info] Getting sessions for read:user,repo,user:email,workflow...
2025-03-19 12:16:40.851 [info] Got 1 sessions for read:user,repo,user:email,workflow...
2025-03-19 12:16:43.212 [info] Getting sessions for all scopes...
2025-03-19 12:16:43.212 [info] Got 1 sessions for ...
2025-03-19 12:16:43.238 [info] Getting sessions for all scopes...
2025-03-19 12:16:43.238 [info] Got 1 sessions for ...
2025-03-19 12:16:43.973 [info] Getting sessions for all scopes...
2025-03-19 12:16:43.973 [info] Got 1 sessions for ...
2025-03-19 12:16:44.086 [info] Getting sessions for all scopes...
2025-03-19 12:16:44.086 [info] Got 1 sessions for ...
2025-03-19 12:16:44.145 [info] Getting sessions for all scopes...
2025-03-19 12:16:44.145 [info] Got 1 sessions for ...
2025-03-19 12:16:44.145 [info] Getting sessions for all scopes...
2025-03-19 12:16:44.145 [info] Got 1 sessions for ...
