2025-03-19 11:52:14.184 [info] [main] Log level: Info
2025-03-19 11:52:14.184 [info] [main] Validating found git in: "git"
2025-03-19 11:52:14.184 [info] [main] Using git "2.49.0" from "git"
2025-03-19 11:52:14.184 [info] [Model][doInitialScan] Initial repository scan started
2025-03-19 11:52:14.184 [info] > git rev-parse --show-toplevel [10ms]
2025-03-19 11:52:14.184 [info] > git rev-parse --git-dir --git-common-dir [117ms]
2025-03-19 11:52:14.184 [info] [Model][openRepository] Opened repository: /home/felipe/Documents/Github/better-control
2025-03-19 11:52:14.184 [info] > git rev-parse --show-toplevel [25ms]
2025-03-19 11:52:14.184 [info] > git config --get commit.template [31ms]
2025-03-19 11:52:14.245 [info] > git rev-parse --show-toplevel [53ms]
2025-03-19 11:52:14.250 [info] [Model][doInitialScan] Initial repository scan completed - repositories (1), closed repositories (0), parent repositories (0), unsafe repositories (0)
2025-03-19 11:52:14.258 [info] > git for-each-ref --format=%(refname)%00%(upstream:short)%00%(objectname)%00%(upstream:track)%00%(upstream:remotename)%00%(upstream:remoteref) refs/heads/main refs/remotes/main [36ms]
2025-03-19 11:52:14.360 [info] > git status -z -uall [16ms]
2025-03-19 11:52:14.362 [info] > git for-each-ref --sort -committerdate --format %(refname) %(objectname) %(*objectname) [10ms]
2025-03-19 11:52:14.410 [info] > git show --textconv :src/control.py [19ms]
2025-03-19 11:52:14.411 [info] > git for-each-ref --format=%(refname)%00%(upstream:short)%00%(objectname)%00%(upstream:track)%00%(upstream:remotename)%00%(upstream:remoteref) refs/heads/main refs/remotes/main [33ms]
2025-03-19 11:52:14.420 [info] > git fetch [502ms]
2025-03-19 11:52:14.433 [info] > git config --local branch.main.vscode-merge-base [13ms]
2025-03-19 11:52:14.439 [info] > git config --get commit.template [30ms]
2025-03-19 11:52:14.439 [info] > git ls-files --stage -- /home/felipe/Documents/Github/better-control/src/control.py [40ms]
2025-03-19 11:52:14.447 [info] > git for-each-ref --format=%(refname)%00%(upstream:short)%00%(objectname)%00%(upstream:track)%00%(upstream:remotename)%00%(upstream:remoteref) refs/heads/origin/main refs/remotes/origin/main [8ms]
2025-03-19 11:52:14.464 [info] > git config --get commit.template [31ms]
2025-03-19 11:52:14.480 [info] > git merge-base refs/heads/main refs/remotes/origin/main [28ms]
2025-03-19 11:52:14.487 [info] > git cat-file -s 405f0a1e793d1a49f0092b575d6a0f65213415af [42ms]
2025-03-19 11:52:14.501 [info] > git diff --name-status -z --diff-filter=ADMR 929a1d062a0daca77e89d1ecad260c678a681569...refs/remotes/origin/main [14ms]
2025-03-19 11:52:14.501 [info] > git for-each-ref --format=%(refname)%00%(upstream:short)%00%(objectname)%00%(upstream:track)%00%(upstream:remotename)%00%(upstream:remoteref) refs/heads/main refs/remotes/main [30ms]
2025-03-19 11:52:14.504 [info] > git for-each-ref --format=%(refname)%00%(upstream:short)%00%(objectname)%00%(upstream:track)%00%(upstream:remotename)%00%(upstream:remoteref) refs/heads/main refs/remotes/main [7ms]
2025-03-19 11:52:14.529 [info] > git status -z -uall [10ms]
2025-03-19 11:52:14.531 [info] > git for-each-ref --sort -committerdate --format %(refname) %(objectname) %(*objectname) [5ms]
2025-03-19 11:52:14.674 [info] > git check-ignore -v -z --stdin [47ms]
2025-03-19 11:52:15.626 [info] > git ls-files --stage -- /home/felipe/Documents/Github/better-control/src/control.py [1ms]
2025-03-19 11:52:15.643 [info] > git cat-file -s 405f0a1e793d1a49f0092b575d6a0f65213415af [2ms]
2025-03-19 11:52:15.791 [info] > git show --textconv :src/control.py [4ms]
