2025-03-20 10:22:49.113 [info] Started local extension host with pid 10419.
2025-03-20 10:22:49.503 [error] Extension 'ms-python.python' appears in product.json but enables LESS API proposals than the extension wants.
package.json (LOSES): contribEditorContentMenu, quickPickSortByLabel, testObserver, quickPickItemTooltip, terminalDataWriteEvent, terminalExecuteCommandEvent, codeActionAI, notebookReplDocument, notebookVariableProvider
product.json (WINS): contribEditorContentMenu, quickPickSortByLabel, portsAttributes, testObserver, quickPickItemTooltip, terminalDataWriteEvent, terminalExecuteCommandEvent, contribIssueReporter, notebookReplDocument
2025-03-20 10:22:49.559 [warning] [ms-python.python]: Cannot register 'python.venvPath'. This property is already registered.
2025-03-20 10:22:53.537 [error] App icon customization is not supported on this OS: Error: App icon customization is not supported on this OS
    at Y8.setIcon (file:///usr/share/windsurf/resources/app/out/vs/code/electron-main/main.js:84:2589)
    at Object.call (file:///usr/share/windsurf/resources/app/out/vs/code/electron-main/main.js:33:4877)
    at t1.s (file:///usr/share/windsurf/resources/app/out/vs/code/electron-main/main.js:31:19890)
    at t1.q (file:///usr/share/windsurf/resources/app/out/vs/code/electron-main/main.js:31:19413)
    at Po.value (file:///usr/share/windsurf/resources/app/out/vs/code/electron-main/main.js:31:18815)
    at x.B (file:///usr/share/windsurf/resources/app/out/vs/code/electron-main/main.js:30:732)
    at x.C (file:///usr/share/windsurf/resources/app/out/vs/code/electron-main/main.js:30:802)
    at x.fire (file:///usr/share/windsurf/resources/app/out/vs/code/electron-main/main.js:30:1019)
    at Po.value (file:///usr/share/windsurf/resources/app/out/vs/code/electron-main/main.js:25:5323)
    at x.B (file:///usr/share/windsurf/resources/app/out/vs/code/electron-main/main.js:30:732)
    at x.fire (file:///usr/share/windsurf/resources/app/out/vs/code/electron-main/main.js:30:950)
    at Po.value (file:///usr/share/windsurf/resources/app/out/vs/code/electron-main/main.js:25:5507)
    at x.B (file:///usr/share/windsurf/resources/app/out/vs/code/electron-main/main.js:30:732)
    at x.fire (file:///usr/share/windsurf/resources/app/out/vs/code/electron-main/main.js:30:950)
    at W (file:///usr/share/windsurf/resources/app/out/vs/code/electron-main/main.js:25:7758)
    at IpcMainImpl.s (file:///usr/share/windsurf/resources/app/out/vs/code/electron-main/main.js:33:22565)
    at IpcMainImpl.emit (node:events:519:28)
    at WebContents.<anonymous> (node:electron/js2c/browser_init:2:82563)
    at WebContents.emit (node:events:519:28)
2025-03-20 10:22:54.126 [info] [perf] Render performance baseline is 34ms
