2025-03-19 12:14:26.431 [info] [main] Log level: Info
2025-03-19 12:14:26.431 [info] [main] Validating found git in: "git"
2025-03-19 12:14:26.431 [info] [main] Using git "2.49.0" from "git"
2025-03-19 12:14:26.431 [info] [Model][doInitialScan] Initial repository scan started
2025-03-19 12:14:26.431 [info] > git rev-parse --show-toplevel [35ms]
2025-03-19 12:14:26.431 [info] > git rev-parse --git-dir --git-common-dir [69ms]
2025-03-19 12:14:26.431 [info] [Model][openRepository] Opened repository: /home/felipe/Documents/Github/better-control
2025-03-19 12:14:26.431 [info] > git rev-parse --show-toplevel [42ms]
2025-03-19 12:14:26.431 [info] > git config --get commit.template [50ms]
2025-03-19 12:14:26.506 [info] > git rev-parse --show-toplevel [64ms]
2025-03-19 12:14:26.510 [info] [Model][doInitialScan] Initial repository scan completed - repositories (1), closed repositories (0), parent repositories (0), unsafe repositories (0)
2025-03-19 12:14:26.519 [info] > git for-each-ref --format=%(refname)%00%(upstream:short)%00%(objectname)%00%(upstream:track)%00%(upstream:remotename)%00%(upstream:remoteref) refs/heads/main refs/remotes/main [41ms]
2025-03-19 12:14:26.587 [info] > git status -z -uall [10ms]
2025-03-19 12:14:26.589 [info] > git for-each-ref --sort -committerdate --format %(refname) %(objectname) %(*objectname) [4ms]
2025-03-19 12:14:26.623 [info] > git for-each-ref --format=%(refname)%00%(upstream:short)%00%(objectname)%00%(upstream:track)%00%(upstream:remotename)%00%(upstream:remoteref) refs/heads/main refs/remotes/main [15ms]
2025-03-19 12:14:26.695 [info] > git config --local branch.main.vscode-merge-base [61ms]
2025-03-19 12:14:26.704 [info] > git config --get commit.template [81ms]
2025-03-19 12:14:26.713 [info] > git for-each-ref --format=%(refname)%00%(upstream:short)%00%(objectname)%00%(upstream:track)%00%(upstream:remotename)%00%(upstream:remoteref) refs/heads/origin/main refs/remotes/origin/main [10ms]
2025-03-19 12:14:26.763 [info] > git merge-base refs/heads/main refs/remotes/origin/main [38ms]
2025-03-19 12:14:26.773 [info] > git fetch [523ms]
2025-03-19 12:14:26.846 [info] > git diff --name-status -z --diff-filter=ADMR 929a1d062a0daca77e89d1ecad260c678a681569...refs/remotes/origin/main [74ms]
2025-03-19 12:14:26.847 [info] > git for-each-ref --format=%(refname)%00%(upstream:short)%00%(objectname)%00%(upstream:track)%00%(upstream:remotename)%00%(upstream:remoteref) refs/heads/main refs/remotes/main [90ms]
2025-03-19 12:14:26.877 [info] > git config --get commit.template [33ms]
2025-03-19 12:14:26.926 [info] > git check-ignore -v -z --stdin [7ms]
2025-03-19 12:14:26.927 [info] > git for-each-ref --format=%(refname)%00%(upstream:short)%00%(objectname)%00%(upstream:track)%00%(upstream:remotename)%00%(upstream:remoteref) refs/heads/main refs/remotes/main [33ms]
2025-03-19 12:14:26.948 [info] > git show --textconv :src/control.py [13ms]
2025-03-19 12:14:26.953 [info] > git ls-files --stage -- /home/felipe/Documents/Github/better-control/src/control.py [9ms]
2025-03-19 12:14:26.981 [info] > git status -z -uall [11ms]
2025-03-19 12:14:26.991 [info] > git cat-file -s 405f0a1e793d1a49f0092b575d6a0f65213415af [30ms]
2025-03-19 12:14:26.993 [info] > git for-each-ref --sort -committerdate --format %(refname) %(objectname) %(*objectname) [15ms]
2025-03-19 12:14:27.994 [info] > git ls-files --stage -- /home/felipe/Documents/Github/better-control/src/control.py [2ms]
2025-03-19 12:14:28.007 [info] > git cat-file -s 405f0a1e793d1a49f0092b575d6a0f65213415af [2ms]
2025-03-19 12:14:28.021 [info] > git show --textconv :src/control.py [3ms]
2025-03-19 12:14:46.882 [info] [main] Log level: Info
2025-03-19 12:14:46.882 [info] [main] Validating found git in: "git"
2025-03-19 12:14:46.882 [info] [main] Using git "2.49.0" from "git"
2025-03-19 12:14:46.882 [info] [Model][doInitialScan] Initial repository scan started
2025-03-19 12:14:46.882 [info] > git rev-parse --show-toplevel [177ms]
2025-03-19 12:14:46.902 [info] > git rev-parse --git-dir --git-common-dir [13ms]
2025-03-19 12:14:46.921 [info] [Model][openRepository] Opened repository: /home/felipe/Documents/Github/better-control
2025-03-19 12:14:47.154 [info] > git rev-parse --show-toplevel [126ms]
2025-03-19 12:14:47.158 [info] [Model][doInitialScan] Initial repository scan completed - repositories (1), closed repositories (0), parent repositories (0), unsafe repositories (0)
2025-03-19 12:14:47.159 [info] > git config --get commit.template [137ms]
2025-03-19 12:14:47.294 [info] > git for-each-ref --format=%(refname)%00%(upstream:short)%00%(objectname)%00%(upstream:track)%00%(upstream:remotename)%00%(upstream:remoteref) refs/heads/main refs/remotes/main [114ms]
2025-03-19 12:14:47.319 [info] > git status -z -uall [8ms]
2025-03-19 12:14:47.353 [info] > git fetch [433ms]
2025-03-19 12:14:47.353 [info] > git for-each-ref --sort -committerdate --format %(refname) %(objectname) %(*objectname) [35ms] (cancelled)
2025-03-19 12:14:47.380 [info] > git for-each-ref --format=%(refname)%00%(upstream:short)%00%(objectname)%00%(upstream:track)%00%(upstream:remotename)%00%(upstream:remoteref) refs/heads/main refs/remotes/main [18ms]
2025-03-19 12:14:47.394 [info] > git config --local branch.main.vscode-merge-base [8ms]
2025-03-19 12:14:47.403 [info] > git config --get commit.template [23ms]
2025-03-19 12:14:47.403 [info] > git config --get commit.template [30ms]
2025-03-19 12:14:47.405 [info] > git for-each-ref --format=%(refname)%00%(upstream:short)%00%(objectname)%00%(upstream:track)%00%(upstream:remotename)%00%(upstream:remoteref) refs/heads/origin/main refs/remotes/origin/main [3ms]
2025-03-19 12:14:47.428 [info] > git merge-base refs/heads/main refs/remotes/origin/main [16ms]
2025-03-19 12:14:47.439 [info] > git for-each-ref --format=%(refname)%00%(upstream:short)%00%(objectname)%00%(upstream:track)%00%(upstream:remotename)%00%(upstream:remoteref) refs/heads/main refs/remotes/main [13ms]
2025-03-19 12:14:47.439 [info] > git for-each-ref --format=%(refname)%00%(upstream:short)%00%(objectname)%00%(upstream:track)%00%(upstream:remotename)%00%(upstream:remoteref) refs/heads/main refs/remotes/main [21ms]
2025-03-19 12:14:47.452 [info] > git diff --name-status -z --diff-filter=ADMR 929a1d062a0daca77e89d1ecad260c678a681569...refs/remotes/origin/main [15ms]
2025-03-19 12:14:47.477 [info] > git status -z -uall [16ms]
2025-03-19 12:14:47.477 [info] > git for-each-ref --sort -committerdate --format %(refname) %(objectname) %(*objectname) [5ms]
2025-03-19 12:14:47.633 [info] > git check-ignore -v -z --stdin [2ms]
2025-03-19 12:14:48.212 [info] > git show --textconv :src/control.py [45ms]
2025-03-19 12:14:48.216 [info] > git ls-files --stage -- /home/felipe/Documents/Github/better-control/src/control.py [6ms]
2025-03-19 12:14:48.239 [info] > git cat-file -s 405f0a1e793d1a49f0092b575d6a0f65213415af [3ms]
2025-03-19 12:14:48.929 [info] > git config --get commit.template [8ms]
2025-03-19 12:14:48.930 [info] > git for-each-ref --format=%(refname)%00%(upstream:short)%00%(objectname)%00%(upstream:track)%00%(upstream:remotename)%00%(upstream:remoteref) refs/heads/main refs/remotes/main [2ms]
2025-03-19 12:14:48.943 [info] > git status -z -uall [7ms]
2025-03-19 12:14:48.944 [info] > git for-each-ref --sort -committerdate --format %(refname) %(objectname) %(*objectname) [2ms]
2025-03-19 12:14:49.026 [info] > git ls-files --stage -- /home/felipe/Documents/Github/better-control/src/control.py [2ms]
2025-03-19 12:14:49.037 [info] > git cat-file -s 405f0a1e793d1a49f0092b575d6a0f65213415af [1ms]
2025-03-19 12:14:49.066 [info] > git show --textconv :src/control.py [3ms]
