2025-03-19 22:08:47.886 [info] [main] Log level: Info
2025-03-19 22:08:47.886 [info] [main] Validating found git in: "git"
2025-03-19 22:08:47.886 [info] [main] Using git "2.49.0" from "git"
2025-03-19 22:08:47.886 [info] [Model][doInitialScan] Initial repository scan started
2025-03-19 22:08:47.886 [info] [Model][doInitialScan] Initial repository scan completed - repositories (0), closed repositories (0), parent repositories (0), unsafe repositories (0)
2025-03-19 22:10:36.071 [info] [main] Log level: Info
2025-03-19 22:10:36.072 [info] [main] Validating found git in: "git"
2025-03-19 22:10:36.072 [info] [main] Using git "2.49.0" from "git"
2025-03-19 22:10:36.072 [info] [Model][doInitialScan] Initial repository scan started
2025-03-19 22:10:36.072 [info] > git rev-parse --show-toplevel [1ms]
2025-03-19 22:10:36.077 [info] > git rev-parse --git-dir --git-common-dir [1ms]
2025-03-19 22:10:36.092 [info] [Model][openRepository] Opened repository: /home/felipe/Documents/Github/better-control
2025-03-19 22:10:36.107 [info] > git rev-parse --show-toplevel [3ms]
2025-03-19 22:10:36.110 [info] [Model][doInitialScan] Initial repository scan completed - repositories (1), closed repositories (0), parent repositories (0), unsafe repositories (0)
2025-03-19 22:10:36.111 [info] > git config --get commit.template [12ms]
2025-03-19 22:10:36.520 [info] > git for-each-ref --format=%(refname)%00%(upstream:short)%00%(objectname)%00%(upstream:track)%00%(upstream:remotename)%00%(upstream:remoteref) refs/heads/main refs/remotes/main [8ms]
2025-03-19 22:10:36.570 [warning] [Git][revParse] Unable to read file: ENOENT: no such file or directory, open '/home/felipe/Documents/Github/better-control/.git/refs/remotes/origin/main'
2025-03-19 22:10:36.600 [info] > git rev-parse refs/remotes/origin/main [31ms]
2025-03-19 22:10:36.656 [info] > git status -z -uall [50ms]
2025-03-19 22:10:36.656 [info] > git for-each-ref --sort -committerdate --format %(refname) %(objectname) %(*objectname) [43ms]
2025-03-19 22:10:36.670 [info] > git fetch [579ms]
2025-03-19 22:10:36.717 [info] > git for-each-ref --format=%(refname)%00%(upstream:short)%00%(objectname)%00%(upstream:track)%00%(upstream:remotename)%00%(upstream:remoteref) refs/heads/main refs/remotes/main [50ms]
2025-03-19 22:10:36.735 [info] > git config --local branch.main.vscode-merge-base [13ms]
2025-03-19 22:10:36.735 [warning] [Git][config] git config failed: Failed to execute git
2025-03-19 22:10:36.741 [info] > git config --get commit.template [25ms]
2025-03-19 22:10:36.741 [info] > git config --get commit.template [29ms]
2025-03-19 22:10:36.786 [info] > git reflog main --grep-reflog=branch: Created from *. [46ms]
2025-03-19 22:10:36.826 [info] > git symbolic-ref --short refs/remotes/origin/HEAD [35ms]
2025-03-19 22:10:36.835 [info] > git for-each-ref --format=%(refname)%00%(upstream:short)%00%(objectname)%00%(upstream:track)%00%(upstream:remotename)%00%(upstream:remoteref) refs/heads/origin/main refs/remotes/origin/main [4ms]
2025-03-19 22:10:36.841 [info] > git for-each-ref --format=%(refname)%00%(upstream:short)%00%(objectname)%00%(upstream:track)%00%(upstream:remotename)%00%(upstream:remoteref) refs/heads/main refs/remotes/main [19ms]
2025-03-19 22:10:36.842 [info] > git for-each-ref --format=%(refname)%00%(upstream:short)%00%(objectname)%00%(upstream:track)%00%(upstream:remotename)%00%(upstream:remoteref) refs/heads/main refs/remotes/main [24ms]
2025-03-19 22:10:36.848 [warning] [Git][revParse] Unable to read file: ENOENT: no such file or directory, open '/home/felipe/Documents/Github/better-control/.git/refs/remotes/origin/main'
2025-03-19 22:10:36.853 [warning] [Git][revParse] Unable to read file: ENOENT: no such file or directory, open '/home/felipe/Documents/Github/better-control/.git/refs/remotes/origin/main'
2025-03-19 22:10:36.853 [info] > git config --local branch.main.vscode-merge-base origin/main [12ms]
2025-03-19 22:10:36.861 [info] > git rev-parse refs/remotes/origin/main [8ms]
2025-03-19 22:10:36.869 [info] > git rev-parse refs/remotes/origin/main [21ms]
2025-03-19 22:10:36.914 [info] > git for-each-ref --format=%(refname)%00%(upstream:short)%00%(objectname)%00%(upstream:track)%00%(upstream:remotename)%00%(upstream:remoteref) refs/heads/main refs/remotes/main [39ms]
2025-03-19 22:10:36.920 [info] > git for-each-ref --format=%(refname)%00%(upstream:short)%00%(objectname)%00%(upstream:track)%00%(upstream:remotename)%00%(upstream:remoteref) refs/heads/main refs/remotes/main [52ms]
2025-03-19 22:10:36.927 [info] > git config --get commit.template [67ms]
2025-03-19 22:10:36.929 [info] > git config --local branch.main.vscode-merge-base [2ms]
2025-03-19 22:10:36.936 [info] > git config --local branch.main.vscode-merge-base [15ms]
2025-03-19 22:10:36.950 [info] > git for-each-ref --format=%(refname)%00%(upstream:short)%00%(objectname)%00%(upstream:track)%00%(upstream:remotename)%00%(upstream:remoteref) refs/heads/origin/main refs/remotes/origin/main [15ms]
2025-03-19 22:10:36.967 [info] > git merge-base refs/heads/main refs/remotes/origin/main [12ms]
2025-03-19 22:10:36.972 [info] > git for-each-ref --format=%(refname)%00%(upstream:short)%00%(objectname)%00%(upstream:track)%00%(upstream:remotename)%00%(upstream:remoteref) refs/heads/main refs/remotes/main [23ms]
2025-03-19 22:10:36.972 [info] > git for-each-ref --format=%(refname)%00%(upstream:short)%00%(objectname)%00%(upstream:track)%00%(upstream:remotename)%00%(upstream:remoteref) refs/heads/origin/main refs/remotes/origin/main [30ms]
2025-03-19 22:10:36.981 [warning] [Git][revParse] Unable to read file: ENOENT: no such file or directory, open '/home/felipe/Documents/Github/better-control/.git/refs/remotes/origin/main'
2025-03-19 22:10:36.984 [info] > git diff --name-status -z --diff-filter=ADMR f4e5c2f814a24619d7e7f658e35b45206dc9b838...refs/remotes/origin/main [13ms]
2025-03-19 22:10:36.993 [info] > git rev-parse refs/remotes/origin/main [12ms]
2025-03-19 22:10:37.005 [info] > git merge-base refs/heads/main refs/remotes/origin/main [28ms]
2025-03-19 22:10:37.022 [info] > git status -z -uall [23ms]
2025-03-19 22:10:37.022 [info] > git for-each-ref --sort -committerdate --format %(refname) %(objectname) %(*objectname) [18ms]
2025-03-19 22:10:37.034 [info] > git check-ignore -v -z --stdin [2ms]
2025-03-19 22:10:37.035 [info] > git diff --name-status -z --diff-filter=ADMR f4e5c2f814a24619d7e7f658e35b45206dc9b838...refs/remotes/origin/main [24ms]
2025-03-19 22:10:43.244 [info] > git check-ignore -v -z --stdin [1ms]
2025-03-19 22:10:44.693 [info] > git show --textconv :src/control.py [15ms]
2025-03-19 22:10:44.701 [info] > git ls-files --stage -- /home/felipe/Documents/Github/better-control/src/control.py [13ms]
2025-03-19 22:10:44.782 [info] > git cat-file -s 405f0a1e793d1a49f0092b575d6a0f65213415af [73ms]
