2025-03-19 22:08:46.673 [info] Started local extension host with pid 6461.
2025-03-19 22:08:47.028 [error] Extension 'ms-python.python' appears in product.json but enables LESS API proposals than the extension wants.
package.json (LOSES): contribEditorContentMenu, quickPickSortByLabel, testObserver, quickPickItemTooltip, terminalDataWriteEvent, terminalExecuteCommandEvent, codeActionAI, notebookReplDocument, notebookVariableProvider
product.json (WINS): contribEditorContentMenu, quickPickSortByLabel, portsAttributes, testObserver, quickPickItemTooltip, terminalDataWriteEvent, terminalExecuteCommandEvent, contribIssueReporter, notebookReplDocument
2025-03-19 22:08:47.055 [warning] [ms-python.python]: Cannot register 'python.venvPath'. This property is already registered.
2025-03-19 22:08:47.376 [error] App icon customization is not supported on this OS: Error: App icon customization is not supported on this OS
    at Y8.setIcon (file:///usr/share/windsurf/resources/app/out/vs/code/electron-main/main.js:84:2589)
    at Object.call (file:///usr/share/windsurf/resources/app/out/vs/code/electron-main/main.js:33:4877)
    at t1.s (file:///usr/share/windsurf/resources/app/out/vs/code/electron-main/main.js:31:19890)
    at t1.q (file:///usr/share/windsurf/resources/app/out/vs/code/electron-main/main.js:31:19413)
    at Po.value (file:///usr/share/windsurf/resources/app/out/vs/code/electron-main/main.js:31:18815)
    at x.B (file:///usr/share/windsurf/resources/app/out/vs/code/electron-main/main.js:30:732)
    at x.C (file:///usr/share/windsurf/resources/app/out/vs/code/electron-main/main.js:30:802)
    at x.fire (file:///usr/share/windsurf/resources/app/out/vs/code/electron-main/main.js:30:1019)
    at Po.value (file:///usr/share/windsurf/resources/app/out/vs/code/electron-main/main.js:25:5323)
    at x.B (file:///usr/share/windsurf/resources/app/out/vs/code/electron-main/main.js:30:732)
    at x.fire (file:///usr/share/windsurf/resources/app/out/vs/code/electron-main/main.js:30:950)
    at Po.value (file:///usr/share/windsurf/resources/app/out/vs/code/electron-main/main.js:25:5507)
    at x.B (file:///usr/share/windsurf/resources/app/out/vs/code/electron-main/main.js:30:732)
    at x.fire (file:///usr/share/windsurf/resources/app/out/vs/code/electron-main/main.js:30:950)
    at W (file:///usr/share/windsurf/resources/app/out/vs/code/electron-main/main.js:25:7758)
    at IpcMainImpl.s (file:///usr/share/windsurf/resources/app/out/vs/code/electron-main/main.js:33:22565)
    at IpcMainImpl.emit (node:events:519:28)
    at WebContents.<anonymous> (node:electron/js2c/browser_init:2:82563)
    at WebContents.emit (node:events:519:28)
2025-03-19 22:08:49.824 [info] [perf] Render performance baseline is 28ms
2025-03-19 22:10:35.262 [info] Started local extension host with pid 7833.
2025-03-19 22:10:35.589 [error] Extension 'ms-python.python' appears in product.json but enables LESS API proposals than the extension wants.
package.json (LOSES): contribEditorContentMenu, quickPickSortByLabel, testObserver, quickPickItemTooltip, terminalDataWriteEvent, terminalExecuteCommandEvent, codeActionAI, notebookReplDocument, notebookVariableProvider
product.json (WINS): contribEditorContentMenu, quickPickSortByLabel, portsAttributes, testObserver, quickPickItemTooltip, terminalDataWriteEvent, terminalExecuteCommandEvent, contribIssueReporter, notebookReplDocument
2025-03-19 22:10:35.612 [warning] [ms-python.python]: Cannot register 'python.venvPath'. This property is already registered.
2025-03-19 22:10:35.997 [error] App icon customization is not supported on this OS: Error: App icon customization is not supported on this OS
    at Y8.setIcon (file:///usr/share/windsurf/resources/app/out/vs/code/electron-main/main.js:84:2589)
    at Object.call (file:///usr/share/windsurf/resources/app/out/vs/code/electron-main/main.js:33:4877)
    at t1.s (file:///usr/share/windsurf/resources/app/out/vs/code/electron-main/main.js:31:19890)
    at t1.q (file:///usr/share/windsurf/resources/app/out/vs/code/electron-main/main.js:31:19413)
    at Po.value (file:///usr/share/windsurf/resources/app/out/vs/code/electron-main/main.js:31:18815)
    at x.B (file:///usr/share/windsurf/resources/app/out/vs/code/electron-main/main.js:30:732)
    at x.C (file:///usr/share/windsurf/resources/app/out/vs/code/electron-main/main.js:30:802)
    at x.fire (file:///usr/share/windsurf/resources/app/out/vs/code/electron-main/main.js:30:1019)
    at Po.value (file:///usr/share/windsurf/resources/app/out/vs/code/electron-main/main.js:25:5323)
    at x.B (file:///usr/share/windsurf/resources/app/out/vs/code/electron-main/main.js:30:732)
    at x.fire (file:///usr/share/windsurf/resources/app/out/vs/code/electron-main/main.js:30:950)
    at Po.value (file:///usr/share/windsurf/resources/app/out/vs/code/electron-main/main.js:25:5507)
    at x.B (file:///usr/share/windsurf/resources/app/out/vs/code/electron-main/main.js:30:732)
    at x.fire (file:///usr/share/windsurf/resources/app/out/vs/code/electron-main/main.js:30:950)
    at W (file:///usr/share/windsurf/resources/app/out/vs/code/electron-main/main.js:25:7758)
    at IpcMainImpl.s (file:///usr/share/windsurf/resources/app/out/vs/code/electron-main/main.js:33:22565)
    at IpcMainImpl.emit (node:events:519:28)
    at WebContents.<anonymous> (node:electron/js2c/browser_init:2:82563)
    at WebContents.emit (node:events:519:28)
2025-03-19 22:10:38.034 [info] [perf] Render performance baseline is 28ms
2025-03-19 22:10:47.121 [warning] Overlapping semantic tokens detected at lineNumber 22, column 20
