2025-03-19 22:08:46.607 [info] Added views:outline in workbench.view.explorer
2025-03-19 22:08:46.607 [info] Added views:workbench.view.search in workbench.view.search
2025-03-19 22:08:46.607 [info] Added views:workbench.scm in workbench.view.scm
2025-03-19 22:08:46.607 [info] Added views:workbench.panel.markers.view in workbench.panel.markers
2025-03-19 22:08:46.607 [info] Added views:workbench.panel.output in workbench.panel.output
2025-03-19 22:08:46.607 [info] Added views:terminal in terminal
2025-03-19 22:08:46.608 [info] Added views:timeline in workbench.view.explorer
2025-03-19 22:08:46.608 [info] Added views:workbench.explorer.emptyView in workbench.view.explorer
2025-03-19 22:08:47.003 [info] Added views:workbench.debug.variablesView,workbench.debug.watchExpressionsView,workbench.debug.callStackView,workbench.debug.breakPointsView in workbench.view.debug
2025-03-19 22:08:47.077 [info] Added views:windsurf.chatPanelView in workbench.view.extension.windsurf
2025-03-19 22:08:47.078 [info] Added views:windsurfDevContainers in workbench.view.remote
2025-03-19 22:08:47.078 [info] Added views:windsurfSSHHosts in workbench.view.remote
2025-03-19 22:08:47.297 [info] Added views:makefile.outline in workbench.view.extension.makefile__viewContainer
2025-03-19 22:08:47.312 [info] Added views:~remote.forwardedPorts in ~remote.forwardedPortsContainer
2025-03-19 22:08:47.355 [info] Added views:workbench.panel.repl.view in workbench.panel.repl
2025-03-19 22:08:47.356 [info] Removed views:workbench.debug.breakPointsView,workbench.debug.callStackView,workbench.debug.watchExpressionsView,workbench.debug.variablesView from workbench.view.debug
2025-03-19 22:08:47.357 [info] Added views:workbench.debug.welcome in workbench.view.debug
2025-03-19 22:10:35.202 [info] Added views:outline in workbench.view.explorer
2025-03-19 22:10:35.202 [info] Added views:workbench.view.search in workbench.view.search
2025-03-19 22:10:35.202 [info] Added views:workbench.scm in workbench.view.scm
2025-03-19 22:10:35.202 [info] Added views:workbench.panel.markers.view in workbench.panel.markers
2025-03-19 22:10:35.202 [info] Added views:workbench.panel.output in workbench.panel.output
2025-03-19 22:10:35.202 [info] Added views:terminal in terminal
2025-03-19 22:10:35.202 [info] Added views:timeline in workbench.view.explorer
2025-03-19 22:10:35.202 [info] Added views:workbench.explorer.fileView in workbench.view.explorer
2025-03-19 22:10:35.635 [info] Added views:windsurf.chatPanelView in workbench.view.extension.windsurf
2025-03-19 22:10:35.636 [info] Added views:windsurfDevContainers in workbench.view.remote
2025-03-19 22:10:35.636 [info] Added views:windsurfSSHHosts in workbench.view.remote
2025-03-19 22:10:35.796 [info] Added views:workbench.debug.variablesView,workbench.debug.watchExpressionsView,workbench.debug.callStackView,workbench.debug.breakPointsView in workbench.view.debug
2025-03-19 22:10:35.818 [info] Added views:workbench.panel.repl.view in workbench.panel.repl
2025-03-19 22:10:35.819 [info] Removed views:workbench.debug.breakPointsView,workbench.debug.callStackView,workbench.debug.watchExpressionsView,workbench.debug.variablesView from workbench.view.debug
2025-03-19 22:10:35.819 [info] Added views:workbench.debug.welcome in workbench.view.debug
2025-03-19 22:10:35.911 [info] Added views:~remote.forwardedPorts in ~remote.forwardedPortsContainer
2025-03-19 22:10:35.930 [info] Added views:makefile.outline in workbench.view.extension.makefile__viewContainer
2025-03-19 22:10:36.123 [info] Added views:workbench.scm.history in workbench.view.scm
2025-03-19 22:10:44.763 [info] Added views:workbench.view.testing in workbench.view.extension.test
2025-03-19 22:11:16.037 [info] Removed views:workbench.scm.history from workbench.view.scm
2025-03-19 22:11:16.041 [info] Removed views:workbench.view.testing from workbench.view.extension.test
