2025-03-20 09:29:07.019 [info] [main] Log level: Info
2025-03-20 09:29:07.019 [info] [main] Validating found git in: "git"
2025-03-20 09:29:07.019 [info] [main] Using git "2.49.0" from "git"
2025-03-20 09:29:07.019 [info] [Model][doInitialScan] Initial repository scan started
2025-03-20 09:29:07.019 [info] > git rev-parse --show-toplevel [3ms]
2025-03-20 09:29:07.020 [info] > git rev-parse --git-dir --git-common-dir [1ms]
2025-03-20 09:29:07.035 [info] [Model][openRepository] Opened repository: /home/felipe/Documents/Github/better-control
2025-03-20 09:29:07.060 [info] > git rev-parse --show-toplevel [10ms]
2025-03-20 09:29:07.061 [info] > git config --get commit.template [15ms]
2025-03-20 09:29:07.070 [info] > git for-each-ref --format=%(refname)%00%(upstream:short)%00%(objectname)%00%(upstream:track)%00%(upstream:remotename)%00%(upstream:remoteref) refs/heads/main refs/remotes/main [1ms]
2025-03-20 09:29:07.071 [info] > git rev-parse --show-toplevel [6ms]
2025-03-20 09:29:07.075 [info] [Model][doInitialScan] Initial repository scan completed - repositories (1), closed repositories (0), parent repositories (0), unsafe repositories (0)
2025-03-20 09:29:07.080 [warning] [Git][revParse] Unable to read file: ENOENT: no such file or directory, open '/home/felipe/Documents/Github/better-control/.git/refs/remotes/origin/main'
2025-03-20 09:29:07.082 [info] > git rev-parse refs/remotes/origin/main [2ms]
2025-03-20 09:29:07.096 [info] > git status -z -uall [9ms]
2025-03-20 09:29:07.097 [info] > git for-each-ref --sort -committerdate --format %(refname) %(objectname) %(*objectname) [4ms]
2025-03-20 09:29:07.107 [info] > git for-each-ref --format=%(refname)%00%(upstream:short)%00%(objectname)%00%(upstream:track)%00%(upstream:remotename)%00%(upstream:remoteref) refs/heads/main refs/remotes/main [2ms]
2025-03-20 09:29:07.114 [info] > git config --local branch.main.vscode-merge-base [2ms]
2025-03-20 09:29:07.120 [info] > git for-each-ref --format=%(refname)%00%(upstream:short)%00%(objectname)%00%(upstream:track)%00%(upstream:remotename)%00%(upstream:remoteref) refs/heads/origin/main refs/remotes/origin/main [1ms]
2025-03-20 09:29:07.138 [info] > git merge-base refs/heads/main refs/remotes/origin/main [11ms]
2025-03-20 09:29:07.246 [info] > git diff --name-status -z --diff-filter=ADMR f4e5c2f814a24619d7e7f658e35b45206dc9b838...refs/remotes/origin/main [103ms]
2025-03-20 09:29:07.722 [info] > git fetch [687ms]
2025-03-20 09:29:07.951 [info] > git show --textconv :src/control.py [11ms]
2025-03-20 09:29:07.959 [info] > git config --get commit.template [155ms]
2025-03-20 09:29:07.979 [info] > git config --get commit.template [29ms]
2025-03-20 09:29:07.979 [info] > git ls-files --stage -- /home/felipe/Documents/Github/better-control/src/control.py [33ms]
2025-03-20 09:29:08.016 [info] > git for-each-ref --format=%(refname)%00%(upstream:short)%00%(objectname)%00%(upstream:track)%00%(upstream:remotename)%00%(upstream:remoteref) refs/heads/main refs/remotes/main [27ms]
2025-03-20 09:29:08.016 [info] > git cat-file -s 405f0a1e793d1a49f0092b575d6a0f65213415af [32ms]
2025-03-20 09:29:08.084 [warning] [Git][revParse] Unable to read file: ENOENT: no such file or directory, open '/home/felipe/Documents/Github/better-control/.git/refs/remotes/origin/main'
2025-03-20 09:29:08.085 [info] > git for-each-ref --format=%(refname)%00%(upstream:short)%00%(objectname)%00%(upstream:track)%00%(upstream:remotename)%00%(upstream:remoteref) refs/heads/main refs/remotes/main [72ms]
2025-03-20 09:29:08.118 [warning] [Git][revParse] Unable to read file: ENOENT: no such file or directory, open '/home/felipe/Documents/Github/better-control/.git/refs/remotes/origin/main'
2025-03-20 09:29:08.119 [info] > git rev-parse refs/remotes/origin/main [35ms]
2025-03-20 09:29:08.125 [info] > git rev-parse refs/remotes/origin/main [7ms]
2025-03-20 09:29:08.137 [info] > git status -z -uall [7ms]
2025-03-20 09:29:08.171 [info] > git for-each-ref --sort -committerdate --format %(refname) %(objectname) %(*objectname) [35ms]
2025-03-20 09:29:08.262 [info] > git check-ignore -v -z --stdin [23ms]
2025-03-20 09:29:08.911 [info] > git ls-files --stage -- /home/felipe/Documents/Github/better-control/src/control.py [2ms]
2025-03-20 09:29:08.922 [info] > git cat-file -s 405f0a1e793d1a49f0092b575d6a0f65213415af [3ms]
2025-03-20 09:29:08.954 [info] > git show --textconv :src/control.py [3ms]
