2025-03-19 12:16:39.973 [info] [main] Log level: Info
2025-03-19 12:16:39.973 [info] [main] Validating found git in: "git"
2025-03-19 12:16:39.973 [info] [main] Using git "2.49.0" from "git"
2025-03-19 12:16:39.973 [info] [Model][doInitialScan] Initial repository scan started
2025-03-19 12:16:39.973 [info] > git rev-parse --show-toplevel [183ms]
2025-03-19 12:16:39.973 [info] > git rev-parse --git-dir --git-common-dir [161ms]
2025-03-19 12:16:39.973 [info] [Model][openRepository] Opened repository: /home/felipe/Documents/Github/better-control
2025-03-19 12:16:39.975 [info] > git rev-parse --show-toplevel [25ms]
2025-03-19 12:16:39.976 [info] > git config --get commit.template [32ms]
2025-03-19 12:16:40.065 [info] > git rev-parse --show-toplevel [54ms]
2025-03-19 12:16:40.068 [info] [Model][doInitialScan] Initial repository scan completed - repositories (1), closed repositories (0), parent repositories (0), unsafe repositories (0)
2025-03-19 12:16:40.109 [info] > git for-each-ref --format=%(refname)%00%(upstream:short)%00%(objectname)%00%(upstream:track)%00%(upstream:remotename)%00%(upstream:remoteref) refs/heads/main refs/remotes/main [54ms]
2025-03-19 12:16:40.140 [info] > git status -z -uall [11ms]
2025-03-19 12:16:40.148 [info] > git for-each-ref --sort -committerdate --format %(refname) %(objectname) %(*objectname) [9ms]
2025-03-19 12:16:40.172 [info] > git for-each-ref --format=%(refname)%00%(upstream:short)%00%(objectname)%00%(upstream:track)%00%(upstream:remotename)%00%(upstream:remoteref) refs/heads/main refs/remotes/main [13ms]
2025-03-19 12:16:40.183 [info] > git config --get commit.template [12ms]
2025-03-19 12:16:40.184 [info] > git config --local branch.main.vscode-merge-base [3ms]
2025-03-19 12:16:40.241 [info] > git for-each-ref --format=%(refname)%00%(upstream:short)%00%(objectname)%00%(upstream:track)%00%(upstream:remotename)%00%(upstream:remoteref) refs/heads/main refs/remotes/main [45ms]
2025-03-19 12:16:40.242 [info] > git for-each-ref --format=%(refname)%00%(upstream:short)%00%(objectname)%00%(upstream:track)%00%(upstream:remotename)%00%(upstream:remoteref) refs/heads/origin/main refs/remotes/origin/main [52ms]
2025-03-19 12:16:40.290 [info] > git merge-base refs/heads/main refs/remotes/origin/main [40ms]
2025-03-19 12:16:40.304 [info] > git diff --name-status -z --diff-filter=ADMR 929a1d062a0daca77e89d1ecad260c678a681569...refs/remotes/origin/main [4ms]
2025-03-19 12:16:40.320 [info] > git status -z -uall [9ms]
2025-03-19 12:16:40.323 [info] > git for-each-ref --sort -committerdate --format %(refname) %(objectname) %(*objectname) [5ms]
2025-03-19 12:16:40.499 [info] > git check-ignore -v -z --stdin [11ms]
2025-03-19 12:16:43.566 [info] > git show --textconv :src/control.py [13ms]
2025-03-19 12:16:43.568 [info] > git ls-files --stage -- /home/felipe/Documents/Github/better-control/src/control.py [4ms]
2025-03-19 12:16:43.660 [info] > git cat-file -s 405f0a1e793d1a49f0092b575d6a0f65213415af [83ms]
2025-03-19 12:16:43.681 [info] > git fetch [501ms]
2025-03-19 12:16:43.888 [info] > git config --get commit.template [81ms]
2025-03-19 12:16:43.921 [info] > git for-each-ref --format=%(refname)%00%(upstream:short)%00%(objectname)%00%(upstream:track)%00%(upstream:remotename)%00%(upstream:remoteref) refs/heads/main refs/remotes/main [8ms]
2025-03-19 12:16:43.949 [info] > git status -z -uall [14ms]
2025-03-19 12:16:43.951 [info] > git for-each-ref --sort -committerdate --format %(refname) %(objectname) %(*objectname) [6ms]
2025-03-19 12:16:44.999 [info] > git ls-files --stage -- /home/felipe/Documents/Github/better-control/src/control.py [1ms]
2025-03-19 12:16:45.005 [info] > git cat-file -s 405f0a1e793d1a49f0092b575d6a0f65213415af [1ms]
2025-03-19 12:16:45.015 [info] > git show --textconv :src/control.py [3ms]
