2025-03-20 10:22:51.132 [info] [main] Log level: Info
2025-03-20 10:22:51.132 [info] [main] Validating found git in: "git"
2025-03-20 10:22:51.132 [info] [main] Using git "2.49.0" from "git"
2025-03-20 10:22:51.132 [info] [Model][doInitialScan] Initial repository scan started
2025-03-20 10:22:51.132 [info] > git rev-parse --show-toplevel [536ms]
2025-03-20 10:22:51.132 [info] > git rev-parse --git-dir --git-common-dir [52ms]
2025-03-20 10:22:51.132 [info] [Model][openRepository] Opened repository: /home/felipe/Documents/Github/better-control
2025-03-20 10:22:51.166 [info] > git rev-parse --show-toplevel [22ms]
2025-03-20 10:22:51.169 [info] [Model][doInitialScan] Initial repository scan completed - repositories (1), closed repositories (0), parent repositories (0), unsafe repositories (0)
2025-03-20 10:22:51.169 [info] > git config --get commit.template [30ms]
2025-03-20 10:22:51.237 [info] > git for-each-ref --format=%(refname)%00%(upstream:short)%00%(objectname)%00%(upstream:track)%00%(upstream:remotename)%00%(upstream:remoteref) refs/heads/main refs/remotes/main [13ms]
2025-03-20 10:22:51.242 [warning] [Git][revParse] Unable to read file: ENOENT: no such file or directory, open '/home/felipe/Documents/Github/better-control/.git/refs/remotes/origin/main'
2025-03-20 10:22:51.244 [info] > git rev-parse refs/remotes/origin/main [2ms]
2025-03-20 10:22:51.255 [info] > git status -z -uall [7ms]
2025-03-20 10:22:51.257 [info] > git for-each-ref --sort -committerdate --format %(refname) %(objectname) %(*objectname) [3ms]
2025-03-20 10:22:51.276 [info] > git for-each-ref --format=%(refname)%00%(upstream:short)%00%(objectname)%00%(upstream:track)%00%(upstream:remotename)%00%(upstream:remoteref) refs/heads/main refs/remotes/main [9ms]
2025-03-20 10:22:51.289 [info] > git config --local branch.main.vscode-merge-base [7ms]
2025-03-20 10:22:51.295 [info] > git config --get commit.template [20ms]
2025-03-20 10:22:51.301 [info] > git for-each-ref --format=%(refname)%00%(upstream:short)%00%(objectname)%00%(upstream:track)%00%(upstream:remotename)%00%(upstream:remoteref) refs/heads/origin/main refs/remotes/origin/main [6ms]
2025-03-20 10:22:51.356 [info] > git merge-base refs/heads/main refs/remotes/origin/main [50ms]
2025-03-20 10:22:51.378 [info] > git diff --name-status -z --diff-filter=ADMR f4e5c2f814a24619d7e7f658e35b45206dc9b838...refs/remotes/origin/main [17ms]
2025-03-20 10:22:51.379 [info] > git for-each-ref --format=%(refname)%00%(upstream:short)%00%(objectname)%00%(upstream:track)%00%(upstream:remotename)%00%(upstream:remoteref) refs/heads/main refs/remotes/main [23ms]
2025-03-20 10:22:51.384 [warning] [Git][revParse] Unable to read file: ENOENT: no such file or directory, open '/home/felipe/Documents/Github/better-control/.git/refs/remotes/origin/main'
2025-03-20 10:22:51.388 [info] > git rev-parse refs/remotes/origin/main [5ms]
2025-03-20 10:22:51.398 [info] > git status -z -uall [6ms]
2025-03-20 10:22:51.400 [info] > git for-each-ref --sort -committerdate --format %(refname) %(objectname) %(*objectname) [1ms]
2025-03-20 10:22:51.678 [info] > git check-ignore -v -z --stdin [2ms]
2025-03-20 10:22:53.774 [info] > git fetch [453ms]
2025-03-20 10:22:53.788 [info] > git config --get commit.template [7ms]
2025-03-20 10:22:53.789 [info] > git for-each-ref --format=%(refname)%00%(upstream:short)%00%(objectname)%00%(upstream:track)%00%(upstream:remotename)%00%(upstream:remoteref) refs/heads/main refs/remotes/main [2ms]
2025-03-20 10:22:53.794 [warning] [Git][revParse] Unable to read file: ENOENT: no such file or directory, open '/home/felipe/Documents/Github/better-control/.git/refs/remotes/origin/main'
2025-03-20 10:22:53.795 [info] > git rev-parse refs/remotes/origin/main [1ms]
2025-03-20 10:22:53.806 [info] > git status -z -uall [6ms]
2025-03-20 10:22:53.812 [info] > git for-each-ref --sort -committerdate --format %(refname) %(objectname) %(*objectname) [6ms]
2025-03-20 10:22:54.906 [info] > git config --get commit.template [1ms]
2025-03-20 10:22:54.913 [info] > git for-each-ref --format=%(refname)%00%(upstream:short)%00%(objectname)%00%(upstream:track)%00%(upstream:remotename)%00%(upstream:remoteref) refs/heads/main refs/remotes/main [1ms]
2025-03-20 10:22:54.917 [warning] [Git][revParse] Unable to read file: ENOENT: no such file or directory, open '/home/felipe/Documents/Github/better-control/.git/refs/remotes/origin/main'
2025-03-20 10:22:54.919 [info] > git rev-parse refs/remotes/origin/main [2ms]
2025-03-20 10:22:54.933 [info] > git status -z -uall [6ms]
2025-03-20 10:22:54.935 [info] > git for-each-ref --sort -committerdate --format %(refname) %(objectname) %(*objectname) [2ms]
